<?xml version="1.0" encoding="UTF-8"?>
<testsuite name="fitforge.fit.FitCodecSpec" tests="3" skipped="0" failures="0" errors="0" timestamp="2026-06-17T01:12:19.882Z" hostname="MacStudio" time="0.081">
  <properties/>
  <testcase name="modelled record fields survive a round-trip" classname="fitforge.fit.FitCodecSpec" time="0.052"/>
  <testcase name="UNMODELLED record fields survive a round-trip (option 3 fidelity)" classname="fitforge.fit.FitCodecSpec" time="0.003"/>
  <testcase name="UNMODELLED message types pass through a round-trip" classname="fitforge.fit.FitCodecSpec" time="0.002"/>
  <system-out><![CDATA[]]></system-out>
  <system-err><![CDATA[]]></system-err>
</testsuite>
