<?xml version="1.0" encoding="UTF-8"?>
<testsuite name="fitforge.fit.FitMergeSpec" tests="9" skipped="0" failures="0" errors="0" timestamp="2026-06-17T01:12:19.965Z" hostname="MacStudio" time="0.092">
  <properties/>
  <testcase name="merge preserves the gap: elapsed includes it, timer time excludes it" classname="fitforge.fit.FitMergeSpec" time="0.038"/>
  <testcase name="merge concatenates records in monotonic timestamp order" classname="fitforge.fit.FitMergeSpec" time="0.009"/>
  <testcase name="merge brackets the gap with STOP_ALL then START timer events" classname="fitforge.fit.FitMergeSpec" time="0.003"/>
  <testcase name="merge rebases distance to a single cumulative total" classname="fitforge.fit.FitMergeSpec" time="0.008"/>
  <testcase name="OnePerSegment lap strategy yields one lap per source file" classname="fitforge.fit.FitMergeSpec" time="0.002"/>
  <testcase name="overlapping recordings are rejected" classname="fitforge.fit.FitMergeSpec" time="0.005"/>
  <testcase name="empty input is rejected" classname="fitforge.fit.FitMergeSpec" time="0.0"/>
  <testcase name="merge passes through unmodelled message types (e.g. device_info)" classname="fitforge.fit.FitMergeSpec" time="0.003"/>
  <testcase name="merged file survives a codec round-trip" classname="fitforge.fit.FitMergeSpec" time="0.02"/>
  <system-out><![CDATA[]]></system-out>
  <system-err><![CDATA[]]></system-err>
</testsuite>
